"D:/_Projects/Unreal/ArKDown/ArKDown/Content/Static/AI/Animation/UE4_Mannequin/Mesh/UE4_Mannequin_Skeleton.uasset" 0
"D:/_Projects/Unreal/ArKDown/ArKDown/Content/Character/Animation/Additives/Fire_Rifle_IronsightsAdditive.uasset" 1
"D:/_Projects/Unreal/ArKDown/ArKDown/Content/Character/Animation/TP_AnimationClips/Aim_Space_Hip.uasset" 2
"D:/_Projects/Unreal/ArKDown/ArKDown/Content/Character/Animation/TP_AnimationClips/Crouch_to_Stand_Rifle_Hip.uasset" 3
"D:/_Projects/Unreal/ArKDown/ArKDown/Content/Character/Animation/TP_AnimationClips/Crouch_to_Stand_Rifle_Ironsights.uasset" 4
"D:/_Projects/Unreal/ArKDown/ArKDown/Content/Character/Animation/TP_AnimationClips/Death_Ironsights_1.uasset" 5
"D:/_Projects/Unreal/ArKDown/ArKDown/Content/Character/Animation/TP_AnimationClips/Death_Ironsights_2.uasset" 6
"D:/_Projects/Unreal/ArKDown/ArKDown/Content/Character/Animation/TP_AnimationClips/Equip_Pistol_Standing.uasset" 7
"D:/_Projects/Unreal/ArKDown/ArKDown/Content/Character/Animation/TP_AnimationClips/Equip_Rifle_Standing.uasset" 8
"D:/_Projects/Unreal/ArKDown/ArKDown/Content/Character/Animation/TP_AnimationClips/Fire_Rifle_Hip.uasset" 9
"D:/_Projects/Unreal/ArKDown/ArKDown/Content/Character/Animation/TP_AnimationClips/Fire_Shotgun_Hip.uasset" 10
"D:/_Projects/Unreal/ArKDown/ArKDown/Content/Character/Animation/TP_AnimationClips/Fire_Shotgun_Ironsights.uasset" 11
"D:/_Projects/Unreal/ArKDown/ArKDown/Content/Character/Animation/TP_AnimationClips/Hit_React_1.uasset" 12
"D:/_Projects/Unreal/ArKDown/ArKDown/Content/Character/Animation/TP_AnimationClips/Hit_React_2.uasset" 13
"D:/_Projects/Unreal/ArKDown/ArKDown/Content/Character/Animation/TP_AnimationClips/Hit_React_3.uasset" 14
"D:/_Projects/Unreal/ArKDown/ArKDown/Content/Character/Animation/TP_AnimationClips/Hit_React_4.uasset" 15
"D:/_Projects/Unreal/ArKDown/ArKDown/Content/Character/Animation/TP_AnimationClips/Idle_Pistol.uasset" 16
"D:/_Projects/Unreal/ArKDown/ArKDown/Content/Character/Animation/TP_AnimationClips/Idle_Rifle_Hip_Break1.uasset" 17
"D:/_Projects/Unreal/ArKDown/ArKDown/Content/Character/Animation/TP_AnimationClips/Idle_Rifle_Hip_Break2.uasset" 18
"D:/_Projects/Unreal/ArKDown/ArKDown/Content/Character/Animation/TP_AnimationClips/Prone_Death_1.uasset" 19
"D:/_Projects/Unreal/ArKDown/ArKDown/Content/Character/Animation/TP_AnimationClips/Prone_Death_2.uasset" 20
"D:/_Projects/Unreal/ArKDown/ArKDown/Content/Character/Animation/TP_AnimationClips/Prone_Fire_1.uasset" 21
"D:/_Projects/Unreal/ArKDown/ArKDown/Content/Character/Animation/TP_AnimationClips/Prone_Fire_2.uasset" 22
"D:/_Projects/Unreal/ArKDown/ArKDown/Content/Character/Animation/TP_AnimationClips/Prone_Idle.uasset" 23
"D:/_Projects/Unreal/ArKDown/ArKDown/Content/Character/Animation/TP_AnimationClips/Prone_Reload_Rifle.uasset" 24
"D:/_Projects/Unreal/ArKDown/ArKDown/Content/Character/Animation/TP_AnimationClips/Prone_Reload_Shotgun.uasset" 25
"D:/_Projects/Unreal/ArKDown/ArKDown/Content/Character/Animation/TP_AnimationClips/Prone_To_Stand.uasset" 26
"D:/_Projects/Unreal/ArKDown/ArKDown/Content/Character/Animation/TP_AnimationClips/Reload_Pistol.uasset" 27
"D:/_Projects/Unreal/ArKDown/ArKDown/Content/Character/Animation/TP_AnimationClips/Reload_Rifle_Hip.uasset" 28
"D:/_Projects/Unreal/ArKDown/ArKDown/Content/Character/Animation/TP_AnimationClips/Reload_Rifle_Ironsights.uasset" 29
"D:/_Projects/Unreal/ArKDown/ArKDown/Content/Character/Animation/TP_AnimationClips/Reload_Shotgun_Hip.uasset" 30
"D:/_Projects/Unreal/ArKDown/ArKDown/Content/Character/Animation/TP_AnimationClips/Reload_Shotgun_Ironsights.uasset" 31
"D:/_Projects/Unreal/ArKDown/ArKDown/Content/Character/Animation/TP_AnimationClips/Sprint_Fwd_Rifle.uasset" 32
"D:/_Projects/Unreal/ArKDown/ArKDown/Content/Character/Animation/TP_AnimationClips/Stand_to_Crouch_Rifle_Hip.uasset" 33
"D:/_Projects/Unreal/ArKDown/ArKDown/Content/Character/Animation/TP_AnimationClips/Stand_to_Crouch_Rifle_Ironsights.uasset" 34
"D:/_Projects/Unreal/ArKDown/ArKDown/Content/Character/Animation/TP_AnimationClips/Stand_To_Prone.uasset" 35
"D:/_Projects/Unreal/ArKDown/ArKDown/Content/Character/Enemy/AI/BTTask_LookAtActor.uasset" 36
"D:/_Projects/Unreal/ArKDown/ArKDown/Content/Character/Enemy/AI/EQS_Tester.uasset" 37
"D:/_Projects/Unreal/ArKDown/ArKDown/Content/Static/Geometry/Meshes/CubeMaterial.uasset" 38
"D:/_Projects/Unreal/ArKDown/ArKDown/Content/Static/Geometry/Meshes/1M_Cube_Chamfer.uasset" 39
"D:/_Projects/Unreal/ArKDown/ArKDown/Content/Static/Geometry/Meshes/RampMaterial.uasset" 40
"D:/_Projects/Unreal/ArKDown/ArKDown/Content/Static/Geometry/Meshes/Bump_StaticMesh.uasset" 41
"D:/_Projects/Unreal/ArKDown/ArKDown/Content/Static/Geometry/Meshes/LeftArm_StaticMesh.uasset" 42
"D:/_Projects/Unreal/ArKDown/ArKDown/Content/Static/Geometry/Meshes/Linear_Stair_StaticMesh.uasset" 43
"D:/_Projects/Unreal/ArKDown/ArKDown/Content/Static/Geometry/Meshes/Ramp_StaticMesh.uasset" 44
"D:/_Projects/Unreal/ArKDown/ArKDown/Content/Static/Geometry/Meshes/RightArm_StaticMesh.uasset" 45
"D:/_Projects/Unreal/ArKDown/ArKDown/Content/Static/Geometry/Meshes/TemplateFloor.uasset" 46
"D:/_Projects/Unreal/ArKDown/ArKDown/Content/Static/Player/Meshes/BaseMaterial.uasset" 47
"D:/_Projects/Unreal/ArKDown/ArKDown/Content/Static/Player/Meshes/CubeMaterialOverride.uasset" 48
"D:/_Projects/Unreal/ArKDown/ArKDown/Content/Static/Player/Textures/FirstPersonCrosshair.uasset" 49
"D:/_Projects/Unreal/ArKDown/ArKDown/Content/Static/Player/Character/Textures/UE4_LOGO_CARD.uasset" 50
"D:/_Projects/Unreal/ArKDown/ArKDown/Content/Static/Weapon/Materials/MaterialLayers/ML_Plastic_Shiny_Beige_LOGO.uasset" 51
"D:/_Projects/Unreal/ArKDown/ArKDown/Content/Static/Weapon/Materials/MaterialLayers/T_ML_FineRubber.uasset" 52
"D:/_Projects/Unreal/ArKDown/ArKDown/Content/Static/Weapon/Mesh/SK_FPGun_PhysicsAsset.uasset" 53
"D:/_Projects/Unreal/ArKDown/ArKDown/Content/Static/Weapon/Materials/Laser.uasset" 54
"D:/_Projects/Unreal/ArKDown/ArKDown/Content/Static/Player/Meshes/FirstPersonProjectileMaterial.uasset" 55
"D:/_Projects/Unreal/ArKDown/ArKDown/Content/Static/Player/Meshes/FirstPersonProjectileMesh.uasset" 56
"D:/_Projects/Unreal/ArKDown/ArKDown/Content/Weapon/Blueprints/BP_FirstPersonProjectile.uasset" 57
"D:/_Projects/Unreal/ArKDown/ArKDown/Content/Static/Player/Audio/FirstPersonTemplateWeaponFire02.uasset" 58
"D:/_Projects/Unreal/ArKDown/ArKDown/Content/Weapon/Blueprints/BP_FiringComponent.uasset" 59
"../../../Engine/Content/Functions/Engine_MaterialFunctions01/Opacity/CameraDepthFade.uasset" 60
"../../../Engine/Content/EngineMaterials/T_Default_Material_Grid_M.uasset" 61
"../../../Engine/Content/EngineMaterials/T_Default_Material_Grid_N.uasset" 62
"../../../Engine/Content/EngineMaterials/DefaultMaterial.uasset" 63
"../../../Engine/Content/BasicShapes/Cone.uasset" 64
"../../../Engine/Content/EngineMaterials/WorldGridMaterial.uasset" 65
"../../../Engine/Content/BasicShapes/Cube.uasset" 66
"../../../Engine/Content/BasicShapes/Cylinder.uasset" 67
"../../../Engine/Content/BasicShapes/Plane.uasset" 68
"../../../Engine/Content/BasicShapes/Sphere.uasset" 69
"../../../Engine/Content/EditorLandscapeResources/DataLayer.uasset" 70
"../../../Engine/Content/EditorMaterials/GizmoMaterial.uasset" 71
"../../../Engine/Content/EditorMaterials/MAT_Groups_Toggle.uasset" 72
"../../../Engine/Content/EditorMaterials/MAT_Groups_Visibility.uasset" 73
"../../../Engine/Content/EditorMaterials/PreviewShadowIndicator.uasset" 74
"../../../Engine/Content/EditorMaterials/PreviewShadowIndicatorMaterial.uasset" 75
"../../../Engine/Content/EditorMaterials/MatineeGroups/MAT_ColorTrack.uasset" 76
"../../../Engine/Content/EditorMaterials/MatineeGroups/MAT_Groups_Anim.uasset" 77
"../../../Engine/Content/EditorMaterials/MatineeGroups/MAT_Groups_AudioMaster.uasset" 78
"../../../Engine/Content/EditorMaterials/MatineeGroups/MAT_Groups_Director.uasset" 79
"../../../Engine/Content/EditorMaterials/MatineeGroups/MAT_Groups_Event.uasset" 80
"../../../Engine/Content/EditorMaterials/MatineeGroups/MAT_Groups_Fade.uasset" 81
"../../../Engine/Content/EditorMaterials/MatineeGroups/MAT_Groups_Float.uasset" 82
"../../../Engine/Content/EditorMaterials/MatineeGroups/MAT_Groups_Move.uasset" 83
"../../../Engine/Content/EditorMaterials/MatineeGroups/MAT_Groups_Slomo.uasset" 84
"../../../Engine/Content/EditorMaterials/MatineeGroups/MAT_Groups_Sound.uasset" 85
"../../../Engine/Content/EditorMaterials/MatineeGroups/MAT_Groups_Vector.uasset" 86
"../../../Engine/Content/EditorMaterials/ParticleSystems/PSysThumbnail_NoImage.uasset" 87
"../../../Engine/Content/EditorMaterials/ParticleSystems/PSysThumbnail_OOD.uasset" 88
"../../../Engine/Content/EditorMaterials/Camera/CineMat.uasset" 89
"../../../Engine/Content/EditorMaterials/Camera/MI_CineMat_Rig.uasset" 90
"../../../Engine/Content/EditorMeshes/Camera/SM_CraneRig_Arm.uasset" 91
"../../../Engine/Content/EditorMeshes/Camera/SM_CraneRig_Base.uasset" 92
"../../../Engine/Content/EditorMeshes/Camera/SM_CraneRig_Body.uasset" 93
"../../../Engine/Content/EditorMeshes/Camera/SM_CraneRig_Mount.uasset" 94
"../../../Engine/Content/EditorMeshes/Camera/SM_RailRig_Mount.uasset" 95
"../../../Engine/Content/EditorMeshes/Camera/SM_RailRig_Track.uasset" 96
"../../../Engine/Content/EditorMeshes/ColorCalibrator/M_ChromeBall.uasset" 97
"../../../Engine/Content/EditorMeshes/ColorCalibrator/M_ClearCoat.uasset" 98
"../../../Engine/Content/EditorMeshes/ColorCalibrator/M_ClearCoatBlack.uasset" 99
"../../../Engine/Content/EditorMeshes/ColorCalibrator/Color_checker.uasset" 100
"../../../Engine/Content/EditorMeshes/ColorCalibrator/M_ColorGrid.uasset" 101
"../../../Engine/Content/EditorMeshes/ColorCalibrator/M_GreyBall.uasset" 102
"../../../Engine/Content/EditorMeshes/ColorCalibrator/SM_ColorCalibrator.uasset" 103
"../../../Engine/Content/EditorResources/BSPVertex.uasset" 104
"../../../Engine/Content/EditorResources/EmptyActor.uasset" 105
"../../../Engine/Content/EditorResources/S_Actor.uasset" 106
"../../../Engine/Content/EditorResources/S_Trigger.uasset" 107
"../../../Engine/Content/EditorResources/LightIcons/S_LightError.uasset" 108
"../../../Engine/Content/EditorResources/SequenceRecorder/Countdown.uasset" 109
"../../../Engine/Content/EditorResources/SequenceRecorder/RecordingIndicator.uasset" 110
"../../../Engine/Content/EditorSounds/Notifications/CompileFailed.uasset" 111
"../../../Engine/Content/EditorSounds/Notifications/CompileFailed_Cue.uasset" 112
"../../../Engine/Content/EditorSounds/Notifications/CompileSuccess.uasset" 113
"../../../Engine/Content/EditorSounds/Notifications/CompileStart_Cue.uasset" 114
"../../../Engine/Content/EditorSounds/Notifications/CompileSuccess_Cue.uasset" 115
"../../../Engine/Content/EngineDamageTypes/DmgTypeBP_Environmental.uasset" 116
"../../../Engine/Content/EngineDebugMaterials/HeatmapGradient.uasset" 117
"../../../Engine/Content/EngineDebugMaterials/BoneWeightMaterial.uasset" 118
"../../../Engine/Content/EngineDebugMaterials/ClothMaterial.uasset" 119
"../../../Engine/Content/EngineDebugMaterials/ClothMaterial_WF.uasset" 120
"../../../Engine/Content/EngineDebugMaterials/DebugEditorMaterial.uasset" 121
"../../../Engine/Content/EngineDebugMaterials/DebugMeshMaterial.uasset" 122
"../../../Engine/Content/EngineDebugMaterials/GeomMaterial.uasset" 123
"../../../Engine/Content/EngineFonts/Faces/RobotoBold.uasset" 124
"../../../Engine/Content/EngineFonts/Faces/RobotoBoldItalic.uasset" 125
"../../../Engine/Content/EngineFonts/Faces/RobotoItalic.uasset" 126
"../../../Engine/Content/EngineFonts/Faces/RobotoLight.uasset" 127
"../../../Engine/Content/EngineFonts/Faces/RobotoRegular.uasset" 128
"../../../Engine/Content/EngineFonts/Roboto.uasset" 129
"../../../Engine/Content/EngineFonts/Faces/RobotoTiny.uasset" 130
"../../../Engine/Content/EngineFonts/RobotoTiny.uasset" 131
"../../../Engine/Content/EngineMaterials/DefaultBloomKernel.uasset" 132
"../../../Engine/Content/EngineMaterials/DefaultBokeh.uasset" 133
"../../../Engine/Content/EngineMaterials/DefaultDiffuse.uasset" 134
"../../../Engine/Content/EngineMaterials/DefaultDeferredDecalMaterial.uasset" 135
"../../../Engine/Content/EngineMaterials/DefaultLightFunctionMaterial.uasset" 136
"../../../Engine/Content/EngineMaterials/DefaultPhysicalMaterial.uasset" 137
"../../../Engine/Content/Functions/Engine_MaterialFunctions02/Utility/BreakOutFloat2Components.uasset" 138
"../../../Engine/Content/EngineMaterials/DefaultPostProcessMaterial.uasset" 139
"../../../Engine/Content/EngineFonts/RobotoDistanceField.uasset" 140
"../../../Engine/Content/EngineMaterials/DefaultTextMaterialOpaque.uasset" 141
"../../../Engine/Content/EngineMaterials/DefaultWhiteGrid.uasset" 142
"../../../Engine/Content/EngineMaterials/EditorBrushMaterial.uasset" 143
"../../../Engine/Content/EngineMaterials/MiniFont.uasset" 144
"../../../Engine/Content/EngineMaterials/InvalidLightmapSettings.uasset" 145
"../../../Engine/Content/EngineMaterials/M_InvalidLightmapSettings.uasset" 146
"../../../Engine/Content/Functions/Engine_MaterialFunctions02/WorldPositionOffset/CameraOffset.uasset" 147
"../../../Engine/Content/EngineMaterials/PhAT_JointLimitMaterial.uasset" 148
"../../../Engine/Content/EngineMaterials/PreintegratedSkinBRDF.uasset" 149
"../../../Engine/Content/EngineMaterials/RemoveSurfaceMaterial.uasset" 150
"../../../Engine/Content/EngineMaterials/WeightMapPlaceholderTexture.uasset" 151
"../../../Engine/Content/EngineResources/WhiteSquareTexture.uasset" 152
"../../../Engine/Content/EngineMaterials/Widget3DPassThrough.uasset" 153
"../../../Engine/Content/EngineMaterials/Widget3DPassThrough_Masked.uasset" 154
"../../../Engine/Content/EngineMaterials/Widget3DPassThrough_Opaque.uasset" 155
"../../../Engine/Content/EngineMaterials/Widget3DPassThrough_Masked_OneSided.uasset" 156
"../../../Engine/Content/EngineMaterials/Widget3DPassThrough_Opaque_OneSided.uasset" 157
"../../../Engine/Content/EngineMaterials/Widget3DPassThrough_Translucent.uasset" 158
"../../../Engine/Content/EngineMaterials/Widget3DPassThrough_Translucent_OneSided.uasset" 159
"../../../Engine/Content/EngineMeshes/Cube.uasset" 160
"../../../Engine/Content/EngineMeshes/Cylinder.uasset" 161
"../../../Engine/Content/EngineMeshes/Sphere.uasset" 162
"../../../Engine/Content/EngineResources/Black.uasset" 163
"../../../Engine/Content/EngineResources/DefaultTexture.uasset" 164
"../../../Engine/Content/EngineResources/DefaultTextureCube.uasset" 165
"../../../Engine/Content/EngineResources/GradientTexture0.uasset" 166
"../../../Engine/Content/EngineSounds/Master.uasset" 167
"../../../Engine/Content/Functions/Engine_MaterialFunctions01/Shading/ConvertFromDiffSpec.uasset" 168
"../../../Engine/Content/Functions/Engine_MaterialFunctions01/Shading/PowerToRoughness.uasset" 169
"../../../Engine/Content/Maps/Templates/Thumbnails/Default.uasset" 170
"../../../Engine/Content/Maps/Templates/Thumbnails/VR-Basic.uasset" 171
"../../../Engine/Content/MobileResources/T_MobileControls_texture.uasset" 172
"../../../Engine/Content/MobileResources/T_MobileMenu2.uasset" 173
"../../../Engine/Content/MobileResources/HUD/AnalogHat.uasset" 174
"../../../Engine/Content/MobileResources/HUD/VirtualJoystick_Background.uasset" 175
"../../../Engine/Content/MobileResources/HUD/VirtualJoystick_Thumb.uasset" 176
"../../../Engine/Content/MobileResources/HUD/DefaultVirtualJoysticks.uasset" 177
"../../../Engine/Content/MobileResources/HUD/LeftVirtualJoystickOnly.uasset" 178
"../../../Engine/Content/MobileResources/HUD/MobileHUDButton1_off.uasset" 179
"../../../Engine/Content/MobileResources/HUD/MobileHUDButton1_on.uasset" 180
"../../../Engine/Content/MobileResources/HUD/MobileHUDButton2_off.uasset" 181
"../../../Engine/Content/MobileResources/HUD/MobileHUDButton2_on.uasset" 182
"../../../Engine/Content/MobileResources/HUD/MobileHUDButton3.uasset" 183
"../../../Engine/Content/MobileResources/HUD/MobileHUDButtonFire.uasset" 184
"../../../Engine/Content/MobileResources/HUD/MobileHUDDirectionPad.uasset" 185
"../../../Engine/Content/MobileResources/HUD/MobileHUDDirectionPad2.uasset" 186
"../../../Engine/Content/MobileResources/HUD/MobileHUDDirectionPad3.uasset" 187
"../../../Engine/Content/MobileResources/HUD/MobileHUDDirectionStick.uasset" 188
"../../../Engine/Content/MobileResources/HUD/T_Castle_ThumbstickInner.uasset" 189
"../../../Engine/Content/MobileResources/HUD/T_Castle_ThumbstickOutter.uasset" 190
"../../../Engine/Content/Tutorial/ContentIntroCurve.uasset" 191
"../../../Engine/Content/Tutorial/Basics/TutorialAssets/icon_tab_Levels_40x.uasset" 192
"../../../Engine/Content/Tutorial/BlueprintTutorials/TutorialAssets/BlueprintInterface_64x.uasset" 193
"../../../Engine/Content/Tutorial/BlueprintTutorials/TutorialAssets/BlueprintMacroLibrary_64x.uasset" 194
"../../../Engine/Content/Tutorial/BlueprintTutorials/TutorialAssets/Blueprint_64x.uasset" 195
"../../../Engine/Content/Tutorial/BlueprintTutorials/TutorialAssets/Tutorial_BP_Interface.uasset" 196
"../../../Engine/Content/Tutorial/Foliage/TutorialAssets/Foliage.uasset" 197
"../../../Engine/Content/Tutorial/Landscape/TutorialAssets/Landscape.uasset" 198
"../../../Engine/Content/Tutorial/Mobile/TutorialAssets/android_Icon.uasset" 199
"../../../Engine/Content/Tutorial/Paper2D/TutorialAssets/Paper2DFlipbook_TutorialIcon.uasset" 200
"../../../Engine/Content/Tutorial/Paper2D/TutorialAssets/Paper2DSprite_TutorialIcon.uasset" 201
"../../../Engine/Content/Tutorial/SubEditors/TutorialAssets/icon_Editor_Preferences_General_40x.uasset" 202
"../../../Engine/Content/Tutorial/SubEditors/TutorialAssets/icon_ShowSkeletalMeshes_40x.uasset" 203
"../../../Engine/Content/Tutorial/SubEditors/TutorialAssets/TutorialMaterial.uasset" 204
"../../../Engine/Content/Tutorial/SubEditors/TutorialAssets/T_SmokeSubUV_8X8.uasset" 205
"../../../Engine/Content/Tutorial/SubEditors/TutorialAssets/T_soft_smoke.uasset" 206
"../../../Engine/Content/Tutorial/SubEditors/TutorialAssets/M_smoke_subUV_blackbody.uasset" 207
"../../../Engine/Content/Tutorial/SubEditors/TutorialAssets/TutorialParticleSystem.uasset" 208
"../../../Engine/Content/VREditor/Fonts/VRText_RobotoLarge.uasset" 209
"../../../Engine/Content/VREditor/Fonts/VRTextMaterial.uasset" 210
"../../../Engine/Content/Functions/Engine_MaterialFunctions01/Gradient/RadialGradient.uasset" 211
"../../../Engine/Content/VREditor/WorldMovementGrid/SimpleGrid.uasset" 212
"../../../Engine/Content/VREditor/WorldMovementGrid/GridMaterial.uasset" 213
"../../../Engine/Content/Functions/Engine_MaterialFunctions01/Density/ExponentialDensity.uasset" 214
"../../../Engine/Content/VREditor/WorldMovementGrid/GridPostProcess.uasset" 215
"../../../Engine/Content/Functions/Engine_MaterialFunctions02/Utility/BreakOutFloat3Components.uasset" 216
"../../../Engine/Content/VREditor/Devices/Vive/VivePreController_MasksB.uasset" 217
"../../../Engine/Content/VREditor/Devices/Oculus/OculusControllerMaterial.uasset" 218
"../../../Engine/Content/VREditor/Devices/Oculus/OculusControllerMaterial_Inst.uasset" 219
"../../../Engine/Content/VREditor/Devices/Vive/T_VivePreController_EM.uasset" 220
"../../../Engine/Content/VREditor/Devices/Vive/VivePreController_MasksA.uasset" 221
"../../../Engine/Content/VREditor/Devices/Vive/VivePreControllerDiffuse.uasset" 222
"../../../Engine/Content/VREditor/Devices/Vive/VivePreControllerSpec.uasset" 223
"../../../Engine/Content/VREditor/LaserPointer/VR_LaserPower_01.uasset" 224
"../../../Engine/Content/VREditor/Devices/Vive/VivePreControllerMaterial.uasset" 225
"../../../Engine/Content/VREditor/Devices/Vive/VivePreControllerMaterial_Inst.uasset" 226
"../../../Engine/Content/VREditor/LaserPointer/LaserPointerMaterial.uasset" 227
"../../../Engine/Content/VREditor/LaserPointer/LaserPointerMaterialInst.uasset" 228
"../../../Engine/Content/VREditor/LaserPointer/TranslucentLaserPointerMaterialInst.uasset" 229
"../../../Engine/Content/VREditor/Teleport/TeleportDirectionMaterial.uasset" 230
"../../../Engine/Content/VREditor/Teleport/TeleportDirectionMaterial_Inst.uasset" 231
"../../../Engine/Content/VREditor/TransformGizmo/TransformGizmoMaterial.uasset" 232
"../../../Engine/Content/VREditor/TransformGizmo/TransformGizmoMaterial_Inst.uasset" 233
"../../../Engine/Content/VREditor/TransformGizmo/TranslucentTransformGizmoMaterial.uasset" 234
"../../../Engine/Content/VREditor/TransformGizmo/TranslucentTransformGizmoMaterial_Inst.uasset" 235
"../../../Engine/Content/VREditor/Devices/Generic/GenericHMDMaterial.uasset" 236
"../../../Engine/Content/VREditor/Devices/Generic/GenericHMD.uasset" 237
"../../../Engine/Content/VREditor/Devices/Oculus/OculusControllerMesh.uasset" 238
"../../../Engine/Content/VREditor/Devices/Vive/VivePreControllerMesh.uasset" 239
"../../../Engine/Content/VREditor/LaserPointer/CursorPointer.uasset" 240
"../../../Engine/Content/VREditor/LaserPointer/HoverMaterial.uasset" 241
"../../../Engine/Content/VREditor/LaserPointer/TranslucentHoverMaterial.uasset" 242
"../../../Engine/Content/VREditor/LaserPointer/HoverMesh.uasset" 243
"../../../Engine/Content/VREditor/LaserPointer/LaserPointerMesh.uasset" 244
"../../../Engine/Content/VREditor/LaserPointer/LaserPointerMesh_End.uasset" 245
"../../../Engine/Content/VREditor/LaserPointer/LaserPointerMesh_Start.uasset" 246
"../../../Engine/Content/VREditor/Sounds/UI/Click_on_Button_Cue.uasset" 247
"../../../Engine/Content/VREditor/Sounds/UI/Dockable_Window_Close.uasset" 248
"../../../Engine/Content/VREditor/Sounds/UI/Dockable_Window_Drop.uasset" 249
"../../../Engine/Content/VREditor/Sounds/UI/Dockable_Window_Open.uasset" 250
"../../../Engine/Content/VREditor/Sounds/UI/Dockable_Window_Pick_Up.uasset" 251
"../../../Engine/Content/VREditor/Sounds/UI/Drop_Item_From_ContentBrowser.uasset" 252
"../../../Engine/Content/VREditor/Sounds/UI/Floating_UI_Open-001.uasset" 253
"../../../Engine/Content/VREditor/Sounds/UI/Radial_Menu_FadeOut.uasset" 254
"../../../Engine/Content/VREditor/Sounds/UI/Teleport_Mode_Entered.uasset" 255
"../../../Engine/Content/VREditor/Sounds/VR_teleport.uasset" 256
"../../../Engine/Content/VREditor/Teleport/TeleportDirectionMesh.uasset" 257
"../../../Engine/Content/VREditor/TransformGizmo/Main.uasset" 258
"../../../Engine/Content/VREditor/TransformGizmo/Xray.uasset" 259
"../../../Engine/Content/VREditor/TransformGizmo/SM_Dialog_Close.uasset" 260
"../../../Engine/Content/VREditor/TransformGizmo/SM_Dialog_Move.uasset" 261
"../../../Engine/Content/VREditor/Devices/Vive/UE4_Logo.uasset" 262
"../../../Engine/Content/VREditor/UI/M_ContentWindow.uasset" 263
"../../../Engine/Content/VREditor/UI/SM_ContentWindow_01.uasset" 264
"../../../Engine/Content/VREditor/UI/KeyDiskMaterial.uasset" 265
"../../../Engine/Content/VREditor/UI/DiscMaterial.uasset" 266
"../../../Engine/Content/VREditor/UI/SM_Radial_Disk.uasset" 267
"../../../Engine/Content/VREditor/UI/ArrowMaterial.uasset" 268
"../../../Engine/Content/VREditor/UI/SM_Radial_Pointer.uasset" 269
"../../../Engine/Content/EditorLandscapeResources/FlattenHeightMat.uasset" 270
"../../../Engine/Content/VREditor/WorldMovementGrid/PlaneMesh.uasset" 271
"../../../Engine/Content/VREditor/VREditorAssetContainerData.uasset" 272
"../../../Engine/Content/VREditor/FloatingText/LineMaterial.uasset" 273
"../../../Engine/Content/VREditor/FloatingText/JointSphere.uasset" 274
"../../../Engine/Content/VREditor/FloatingText/LineSegmentCylinder.uasset" 275
"../../../Engine/Content/VREditor/Fonts/TranslucentVRTextMaterial.uasset" 276
"../../../Engine/Content/VREditor/Sounds/UI/Click_on_Button.uasset" 277
"../../../Engine/Content/VREditor/TransformGizmo/BoundingBoxCorner.uasset" 278
"../../../Engine/Content/VREditor/TransformGizmo/BoundingBoxEdge.uasset" 279
"../../../Engine/Content/VREditor/TransformGizmo/PlaneTranslationHandle.uasset" 280
"../../../Engine/Content/VREditor/TransformGizmo/SM_Sequencer_Key.uasset" 281
"../../../Engine/Content/VREditor/TransformGizmo/SM_Sequencer_Node.uasset" 282
"../../Plugins/2D/Paper2D/Content/PlaceholderTextures/DummySpriteTexture.uasset" 283
"../../Plugins/2D/Paper2D/Content/DummySprite.uasset" 284
"../../Plugins/2D/Paper2D/Content/DefaultPaperTerrainMaterial.uasset" 285
"../../Plugins/2D/Paper2D/Content/DefaultSpriteMaterial.uasset" 286
"../../Plugins/2D/Paper2D/Content/MaskedUnlitSpriteMaterial.uasset" 287
"../../Plugins/2D/Paper2D/Content/OpaqueUnlitSpriteMaterial.uasset" 288
"../../Plugins/Media/MediaCompositing/Content/DefaultMediaPlaneTexture.uasset" 289
"../../Plugins/Media/MediaCompositing/Content/DefaultMediaPlaneMaterial.uasset" 290
"../../../Engine/Content/Functions/Engine_MaterialFunctions02/Utility/MakeFloat4.uasset" 291
"../../Plugins/Runtime/AppleARKit/Content/ARKitCameraMaterial.uasset" 292
"D:/_Projects/Unreal/ArKDown/ArKDown/Content/Character/Animation/TP_AnimationClips/Aim_Space_Ironsights.uasset" 293
"D:/_Projects/Unreal/ArKDown/ArKDown/Content/Character/Animation/AimOffsets/AimCenter.uasset" 294
"D:/_Projects/Unreal/ArKDown/ArKDown/Content/Character/Animation/AimOffsets/AimDown.uasset" 295
"D:/_Projects/Unreal/ArKDown/ArKDown/Content/Character/Animation/AimOffsets/AimUp.uasset" 296
"D:/_Projects/Unreal/ArKDown/ArKDown/Content/Character/Animation/TP_AnimationClips/Idle_Rifle_Ironsights.uasset" 297
"D:/_Projects/Unreal/ArKDown/ArKDown/Content/Character/Animation/AimOffsets/AimOffset.uasset" 298
"D:/_Projects/Unreal/ArKDown/ArKDown/Content/Character/Animation/TP_AnimationClips/Crouch_Idle_Rifle_Hip.uasset" 299
"D:/_Projects/Unreal/ArKDown/ArKDown/Content/Character/Animation/TP_AnimationClips/Crouch_Idle_Rifle_Ironsights.uasset" 300
"D:/_Projects/Unreal/ArKDown/ArKDown/Content/Character/Animation/TP_AnimationClips/Death_1.uasset" 301
"D:/_Projects/Unreal/ArKDown/ArKDown/Content/Character/Animation/TP_AnimationClips/Death_2.uasset" 302
"D:/_Projects/Unreal/ArKDown/ArKDown/Content/Character/Animation/TP_AnimationClips/Death_3.uasset" 303
"D:/_Projects/Unreal/ArKDown/ArKDown/Content/Character/Animation/TP_AnimationClips/Idle_Rifle_Hip.uasset" 304
"D:/_Projects/Unreal/ArKDown/ArKDown/Content/Character/Animation/TP_AnimationClips/Jump_From_Jog.uasset" 305
"D:/_Projects/Unreal/ArKDown/ArKDown/Content/Character/Animation/TP_AnimationClips/Jump_From_Stand.uasset" 306
"D:/_Projects/Unreal/ArKDown/ArKDown/Content/Character/Animation/TP_AnimationClips/Jump_From_Stand_Ironsights.uasset" 307
"D:/_Projects/Unreal/ArKDown/ArKDown/Content/Character/Animation/TP_AnimationClips/Walk_Bwd_Rifle_Ironsights.uasset" 308
"D:/_Projects/Unreal/ArKDown/ArKDown/Content/Character/Animation/TP_AnimationClips/Walk_Fwd_Rifle_Ironsights.uasset" 309
"D:/_Projects/Unreal/ArKDown/ArKDown/Content/Character/Animation/TP_AnimationClips/Walk_Lt_Rifle_Ironsights.uasset" 310
"D:/_Projects/Unreal/ArKDown/ArKDown/Content/Character/Animation/TP_AnimationClips/Walk_Rt_Rifle_Ironsights.uasset" 311
"D:/_Projects/Unreal/ArKDown/ArKDown/Content/Character/Animation/BlenSpaces/BS_Aiming_Walk.uasset" 312
"D:/_Projects/Unreal/ArKDown/ArKDown/Content/Character/Animation/TP_AnimationClips/Crouch_Walk_Bwd_Rifle_Ironsights.uasset" 313
"D:/_Projects/Unreal/ArKDown/ArKDown/Content/Character/Animation/TP_AnimationClips/Crouch_Walk_Fwd_Rifle_Ironsights.uasset" 314
"D:/_Projects/Unreal/ArKDown/ArKDown/Content/Character/Animation/TP_AnimationClips/Crouch_Walk_Lt_Rifle_Ironsights.uasset" 315
"D:/_Projects/Unreal/ArKDown/ArKDown/Content/Character/Animation/TP_AnimationClips/Crouch_Walk_Rt_Rifle_Ironsights.uasset" 316
"D:/_Projects/Unreal/ArKDown/ArKDown/Content/Character/Animation/BlenSpaces/BS_CrouchAimingWalk.uasset" 317
"D:/_Projects/Unreal/ArKDown/ArKDown/Content/Character/Animation/TP_AnimationClips/Crouch_Walk_Bwd_Rifle_Hip.uasset" 318
"D:/_Projects/Unreal/ArKDown/ArKDown/Content/Character/Animation/TP_AnimationClips/Crouch_Walk_Fwd_Rifle_Hip.uasset" 319
"D:/_Projects/Unreal/ArKDown/ArKDown/Content/Character/Animation/TP_AnimationClips/Crouch_Walk_Lt_Rifle_Hip.uasset" 320
"D:/_Projects/Unreal/ArKDown/ArKDown/Content/Character/Animation/TP_AnimationClips/Crouch_Walk_Rt_Rifle_Hip.uasset" 321
"D:/_Projects/Unreal/ArKDown/ArKDown/Content/Character/Animation/BlenSpaces/BS_CrouchWalk.uasset" 322
"D:/_Projects/Unreal/ArKDown/ArKDown/Content/Character/Animation/TP_AnimationClips/Jog_Bwd_Rifle.uasset" 323
"D:/_Projects/Unreal/ArKDown/ArKDown/Content/Character/Animation/TP_AnimationClips/Jog_Fwd_Rifle.uasset" 324
"D:/_Projects/Unreal/ArKDown/ArKDown/Content/Character/Animation/TP_AnimationClips/Jog_Lt_Rifle.uasset" 325
"D:/_Projects/Unreal/ArKDown/ArKDown/Content/Character/Animation/TP_AnimationClips/Jog_Rt_Rifle.uasset" 326
"D:/_Projects/Unreal/ArKDown/ArKDown/Content/Character/Animation/BlenSpaces/BS_JogWalk.uasset" 327
"D:/_Projects/Unreal/ArKDown/ArKDown/Content/Character/Animation/ABP_Character.uasset" 328
"D:/_Projects/Unreal/ArKDown/ArKDown/Content/Static/Player/Character/Mesh/SK_Mannequin_Arms_Skeleton.uasset" 329
"D:/_Projects/Unreal/ArKDown/ArKDown/Content/Character/Animation/FP_Animations/FirstPerson_Idle.uasset" 330
"D:/_Projects/Unreal/ArKDown/ArKDown/Content/Character/Animation/FP_Animations/FirstPerson_JumpEnd.uasset" 331
"D:/_Projects/Unreal/ArKDown/ArKDown/Content/Character/Animation/FP_Animations/FirstPerson_JumpLoop.uasset" 332
"D:/_Projects/Unreal/ArKDown/ArKDown/Content/Character/Animation/FP_Animations/FirstPerson_JumpStart.uasset" 333
"D:/_Projects/Unreal/ArKDown/ArKDown/Content/Character/Animation/FP_Animations/FirstPerson_Run.uasset" 334
"../../../Engine/Content/EditorBlueprintResources/StandardMacros.uasset" 335
"D:/_Projects/Unreal/ArKDown/ArKDown/Content/Character/Animation/FP_Animations/ABP_FirstPerson.uasset" 336
"D:/_Projects/Unreal/ArKDown/ArKDown/Content/Character/Enemy/AI/BB_Enemy.uasset" 337
"D:/_Projects/Unreal/ArKDown/ArKDown/Content/Character/Enemy/AI/EQS_FindNextWaypoint.uasset" 338
"D:/_Projects/Unreal/ArKDown/ArKDown/Content/Character/Enemy/AI/BT_Patrol.uasset" 339
"D:/_Projects/Unreal/ArKDown/ArKDown/Content/Character/Enemy/AI/BTTask_Shoot.uasset" 340
"D:/_Projects/Unreal/ArKDown/ArKDown/Content/Character/Enemy/AI/BT_Shoot.uasset" 341
"D:/_Projects/Unreal/ArKDown/ArKDown/Content/Character/Enemy/AI/BTTask_ClearKey.uasset" 342
"D:/_Projects/Unreal/ArKDown/ArKDown/Content/Character/Enemy/AI/BT_Suspicision.uasset" 343
"D:/_Projects/Unreal/ArKDown/ArKDown/Content/Character/Enemy/AI/BTDecorator_IsWithinRange.uasset" 344
"D:/_Projects/Unreal/ArKDown/ArKDown/Content/Character/Enemy/AI/BTService_SetLastSeenLocation.uasset" 345
"D:/_Projects/Unreal/ArKDown/ArKDown/Content/Character/Enemy/AI/BT_Enemy.uasset" 346
"D:/_Projects/Unreal/ArKDown/ArKDown/Content/Character/Enemy/Blueprints/AIC_Enemy.uasset" 347
"D:/_Projects/Unreal/ArKDown/ArKDown/Content/Character/Animation/TP_AnimationClips/Fire_Rifle_Ironsights.uasset" 348
"D:/_Projects/Unreal/ArKDown/ArKDown/Content/Character/Animation/AM_Shooting.uasset" 349
"D:/_Projects/Unreal/ArKDown/ArKDown/Content/Character/Animation/FP_Animations/FirstPerson_Fire.uasset" 350
"D:/_Projects/Unreal/ArKDown/ArKDown/Content/Character/Animation/FP_Animations/FirstPersonFire_Montage.uasset" 351
"../../../Engine/Content/Functions/Engine_MaterialFunctions02/Utility/BlendAngleCorrectedNormals.uasset" 352
"../../../Engine/Content/Functions/MaterialLayerFunctions/MatLayerBlend_NormalBlend.uasset" 353
"../../../Engine/Content/Functions/MaterialLayerFunctions/MatLayerBlend_Simple.uasset" 354
"D:/_Projects/Unreal/ArKDown/ArKDown/Content/Static/Weapon/Materials/MaterialLayers/T_ML_Rubber_Blue_01_D.uasset" 355
"D:/_Projects/Unreal/ArKDown/ArKDown/Content/Static/Weapon/Materials/MaterialLayers/T_ML_Rubber_Blue_01_N.uasset" 356
"D:/_Projects/Unreal/ArKDown/ArKDown/Content/Static/Weapon/Materials/MaterialLayers/ML_GlossyBlack_Latex_UE4.uasset" 357
"D:/_Projects/Unreal/ArKDown/ArKDown/Content/Static/Weapon/Materials/MaterialLayers/ML_Plastic_Shiny_Beige.uasset" 358
"D:/_Projects/Unreal/ArKDown/ArKDown/Content/Static/Weapon/Materials/MaterialLayers/ML_Screen.uasset" 359
"D:/_Projects/Unreal/ArKDown/ArKDown/Content/Static/Weapon/Materials/MaterialLayers/T_ML_Aluminum01.uasset" 360
"D:/_Projects/Unreal/ArKDown/ArKDown/Content/Static/Weapon/Materials/MaterialLayers/T_ML_Aluminum01_N.uasset" 361
"D:/_Projects/Unreal/ArKDown/ArKDown/Content/Static/Weapon/Materials/MaterialLayers/ML_SoftMetal_UE4.uasset" 362
"D:/_Projects/Unreal/ArKDown/ArKDown/Content/Static/Weapon/Textures/T_FPGun_M.uasset" 363
"D:/_Projects/Unreal/ArKDown/ArKDown/Content/Static/Weapon/Textures/T_FPGun_N.uasset" 364
"D:/_Projects/Unreal/ArKDown/ArKDown/Content/Static/Weapon/Materials/M_FPGun.uasset" 365
"D:/_Projects/Unreal/ArKDown/ArKDown/Content/Static/Weapon/Mesh/SK_FPGun_Skeleton.uasset" 366
"D:/_Projects/Unreal/ArKDown/ArKDown/Content/Static/Weapon/Mesh/SK_FPGun.uasset" 367
"D:/_Projects/Unreal/ArKDown/ArKDown/Content/Weapon/Blueprints/BP_Gun.uasset" 368
"../../../Engine/Content/Functions/MaterialLayerFunctions/MatLayerBlend_AO.uasset" 369
"D:/_Projects/Unreal/ArKDown/ArKDown/Content/Static/AI/Animation/UE4_Mannequin/Materials/MaterialLayers/T_ML_Rubber_Blue_01_D.uasset" 370
"D:/_Projects/Unreal/ArKDown/ArKDown/Content/Static/AI/Animation/UE4_Mannequin/Materials/MaterialLayers/T_ML_Rubber_Blue_01_N.uasset" 371
"D:/_Projects/Unreal/ArKDown/ArKDown/Content/Static/AI/Animation/UE4_Mannequin/Materials/MaterialLayers/ML_GlossyBlack_Latex_UE4.uasset" 372
"D:/_Projects/Unreal/ArKDown/ArKDown/Content/Static/AI/Animation/UE4_Mannequin/Materials/MaterialLayers/ML_Plastic_Shiny_Beige.uasset" 373
"D:/_Projects/Unreal/ArKDown/ArKDown/Content/Static/AI/Animation/UE4_Mannequin/Textures/UE4_LOGO_CARD.uasset" 374
"D:/_Projects/Unreal/ArKDown/ArKDown/Content/Static/AI/Animation/UE4_Mannequin/Materials/MaterialLayers/ML_Plastic_Shiny_Beige_LOGO.uasset" 375
"D:/_Projects/Unreal/ArKDown/ArKDown/Content/Static/AI/Animation/UE4_Mannequin/Materials/MaterialLayers/T_ML_Aluminum01.uasset" 376
"D:/_Projects/Unreal/ArKDown/ArKDown/Content/Static/AI/Animation/UE4_Mannequin/Materials/MaterialLayers/T_ML_Aluminum01_N.uasset" 377
"D:/_Projects/Unreal/ArKDown/ArKDown/Content/Static/AI/Animation/UE4_Mannequin/Materials/MaterialLayers/ML_SoftMetal_UE4.uasset" 378
"D:/_Projects/Unreal/ArKDown/ArKDown/Content/Static/AI/Animation/UE4_Mannequin/Textures/UE4_Mannequin__normals.uasset" 379
"D:/_Projects/Unreal/ArKDown/ArKDown/Content/Static/AI/Animation/UE4_Mannequin/Textures/UE4_Mannequin_MAT_MASKA.uasset" 380
"D:/_Projects/Unreal/ArKDown/ArKDown/Content/Static/AI/Animation/UE4_Mannequin/Textures/UE4_Mannequin_occlusion_Mobile.uasset" 381
"D:/_Projects/Unreal/ArKDown/ArKDown/Content/Static/AI/Animation/UE4_Mannequin/Materials/M_UE4Man_Body.uasset" 382
"D:/_Projects/Unreal/ArKDown/ArKDown/Content/Static/AI/Animation/UE4_Mannequin/Textures/UE4Man_Logo_N.uasset" 383
"D:/_Projects/Unreal/ArKDown/ArKDown/Content/Static/AI/Animation/UE4_Mannequin/Materials/M_UE4Man_ChestLogo.uasset" 384
"D:/_Projects/Unreal/ArKDown/ArKDown/Content/Static/AI/Animation/UE4_Mannequin/Mesh/SK_Mannequin_PhysicsAsset.uasset" 385
"D:/_Projects/Unreal/ArKDown/ArKDown/Content/Static/AI/Animation/UE4_Mannequin/Mesh/SK_Mannequin.uasset" 386
"D:/_Projects/Unreal/ArKDown/ArKDown/Content/Static/Player/Character/Materials/MaterialLayers/T_ML_Rubber_Blue_01_D.uasset" 387
"D:/_Projects/Unreal/ArKDown/ArKDown/Content/Static/Player/Character/Materials/MaterialLayers/T_ML_Rubber_Blue_01_N.uasset" 388
"D:/_Projects/Unreal/ArKDown/ArKDown/Content/Static/Player/Character/Materials/MaterialLayers/ML_GlossyBlack_Latex_UE4.uasset" 389
"D:/_Projects/Unreal/ArKDown/ArKDown/Content/Static/Player/Character/Materials/MaterialLayers/ML_Plastic_Shiny_Beige.uasset" 390
"D:/_Projects/Unreal/ArKDown/ArKDown/Content/Static/Player/Character/Materials/MaterialLayers/ML_Plastic_Shiny_Beige_LOGO.uasset" 391
"D:/_Projects/Unreal/ArKDown/ArKDown/Content/Static/Player/Character/Materials/MaterialLayers/T_ML_Aluminum01.uasset" 392
"D:/_Projects/Unreal/ArKDown/ArKDown/Content/Static/Player/Character/Materials/MaterialLayers/T_ML_Aluminum01_N.uasset" 393
"D:/_Projects/Unreal/ArKDown/ArKDown/Content/Static/Player/Character/Materials/MaterialLayers/ML_SoftMetal_UE4.uasset" 394
"D:/_Projects/Unreal/ArKDown/ArKDown/Content/Static/Player/Character/Textures/UE4_Mannequin__normals.uasset" 395
"D:/_Projects/Unreal/ArKDown/ArKDown/Content/Static/Player/Character/Textures/UE4_Mannequin_MAT_MASKA.uasset" 396
"D:/_Projects/Unreal/ArKDown/ArKDown/Content/Static/Player/Character/Materials/M_UE4Man_Body.uasset" 397
"D:/_Projects/Unreal/ArKDown/ArKDown/Content/Static/Player/Character/Mesh/SK_Mannequin_Arms_PhysicsAsset.uasset" 398
"D:/_Projects/Unreal/ArKDown/ArKDown/Content/Static/Player/Character/Mesh/SK_Mannequin_Arms.uasset" 399
"D:/_Projects/Unreal/ArKDown/ArKDown/Content/Character/BP_Character.uasset" 400
"../../../Engine/Content/EngineSky/C_Sky_Cloud_Color.uasset" 401
"../../../Engine/Content/EngineSky/C_Sky_Horizon_Color.uasset" 402
"../../../Engine/Content/EngineSky/C_Sky_Zenith_Color.uasset" 403
"../../../Engine/Content/EngineSky/T_Sky_Blue.uasset" 404
"../../../Engine/Content/EngineSky/T_Sky_Clouds_M.uasset" 405
"../../../Engine/Content/EngineSky/T_Sky_Stars.uasset" 406
"../../../Engine/Content/EngineSky/M_Sky_Panning_Clouds2.uasset" 407
"../../../Engine/Content/EngineSky/SM_SkySphere.uasset" 408
"../../../Engine/Content/EngineSky/BP_Sky_Sphere.uasset" 409
"D:/_Projects/Unreal/ArKDown/ArKDown/Content/Static/Geometry/Meshes/Barrier.uasset" 410
"D:/_Projects/Unreal/ArKDown/ArKDown/Content/Terrain/MI_Red_Barrier.uasset" 411
"D:/_Projects/Unreal/ArKDown/ArKDown/Content/Static/Geometry/Meshes/1M_Cube.uasset" 412
"D:/_Projects/Unreal/ArKDown/ArKDown/Content/Terrain/BackBarrier.uasset" 413
"D:/_Projects/Unreal/ArKDown/ArKDown/Content/Levels/FirstPersonExampleMap_BuiltData.uasset" 414
"D:/_Projects/Unreal/ArKDown/ArKDown/Content/Levels/FirstPersonExampleMap.umap" 415
"../../../Engine/Content/Maps/Entry.umap" 416
